Start testing: Aug 09 11:05 CST
----------------------------------------------------------
1/5 Testing: test_run
1/5 Test: test_run
Command: "/home/hale/Desktop/Linux-Learning/cmake-learning/Introduction/Demo6/Demo" "5" "2"
Directory: /home/hale/Desktop/Linux-Learning/cmake-learning/Introduction/Demo6
"test_run" start time: Aug 09 11:05 CST
Output:
----------------------------------------------------------
Now we use our own Math library. 
5 ^ 2 is 25
<end of output>
Test time =   0.01 sec
----------------------------------------------------------
Test Passed.
"test_run" end time: Aug 09 11:05 CST
"test_run" time elapsed: 00:00:00
----------------------------------------------------------

2/5 Testing: test_usage
2/5 Test: test_usage
Command: "/home/hale/Desktop/Linux-Learning/cmake-learning/Introduction/Demo6/Demo"
Directory: /home/hale/Desktop/Linux-Learning/cmake-learning/Introduction/Demo6
"test_usage" start time: Aug 09 11:05 CST
Output:
----------------------------------------------------------
Usage: /home/hale/Desktop/Linux-Learning/cmake-learning/Introduction/Demo6/Demo base exponent 
<end of output>
Test time =   0.01 sec
----------------------------------------------------------
Test Pass Reason:
Required regular expression found. Regex=[Usage: .* base exponent]
"test_usage" end time: Aug 09 11:05 CST
"test_usage" time elapsed: 00:00:00
----------------------------------------------------------

3/5 Testing: test_5_2
3/5 Test: test_5_2
Command: "/home/hale/Desktop/Linux-Learning/cmake-learning/Introduction/Demo6/Demo" "5" "2"
Directory: /home/hale/Desktop/Linux-Learning/cmake-learning/Introduction/Demo6
"test_5_2" start time: Aug 09 11:05 CST
Output:
----------------------------------------------------------
Now we use our own Math library. 
5 ^ 2 is 25
<end of output>
Test time =   0.01 sec
----------------------------------------------------------
Test Pass Reason:
Required regular expression found. Regex=[is 25]
"test_5_2" end time: Aug 09 11:05 CST
"test_5_2" time elapsed: 00:00:00
----------------------------------------------------------

4/5 Testing: test_10_5
4/5 Test: test_10_5
Command: "/home/hale/Desktop/Linux-Learning/cmake-learning/Introduction/Demo6/Demo" "10" "5"
Directory: /home/hale/Desktop/Linux-Learning/cmake-learning/Introduction/Demo6
"test_10_5" start time: Aug 09 11:05 CST
Output:
----------------------------------------------------------
Now we use our own Math library. 
10 ^ 5 is 100000
<end of output>
Test time =   0.01 sec
----------------------------------------------------------
Test Pass Reason:
Required regular expression found. Regex=[is 10000]
"test_10_5" end time: Aug 09 11:05 CST
"test_10_5" time elapsed: 00:00:00
----------------------------------------------------------

5/5 Testing: test_2_10
5/5 Test: test_2_10
Command: "/home/hale/Desktop/Linux-Learning/cmake-learning/Introduction/Demo6/Demo" "2" "10"
Directory: /home/hale/Desktop/Linux-Learning/cmake-learning/Introduction/Demo6
"test_2_10" start time: Aug 09 11:05 CST
Output:
----------------------------------------------------------
Now we use our own Math library. 
2 ^ 10 is 1024
<end of output>
Test time =   0.01 sec
----------------------------------------------------------
Test Pass Reason:
Required regular expression found. Regex=[is 1024]
"test_2_10" end time: Aug 09 11:05 CST
"test_2_10" time elapsed: 00:00:00
----------------------------------------------------------

End testing: Aug 09 11:05 CST
